<?xml version="1.0" encoding="UTF-8"?>
<!-- Generated by org.testng.reporters.JUnitReportReporter -->
<testsuite hostname="Admin" failures="0" tests="1" name="TC.TC_logintest" time="23.460" errors="0" timestamp="05 Jun 2023 07:21:25 GMT" skipped="0">
  <testcase classname="TC.TC_logintest" name="orderProduct" time="23.460"/>
</testsuite> <!-- TC.TC_logintest -->
